0 info it worked if it ends with ok
1 verbose cli [ 'node', '/usr/local/bin/npm', 'install', '--save', 'react' ]
2 info using npm@1.4.28
3 info using node@v0.10.35
4 verbose cache add [ 'react', null ]
5 verbose cache add name=undefined spec="react" args=["react",null]
6 verbose parsed url { protocol: null,
6 verbose parsed url   slashes: null,
6 verbose parsed url   auth: null,
6 verbose parsed url   host: null,
6 verbose parsed url   port: null,
6 verbose parsed url   hostname: null,
6 verbose parsed url   hash: null,
6 verbose parsed url   search: null,
6 verbose parsed url   query: null,
6 verbose parsed url   pathname: 'react',
6 verbose parsed url   path: 'react',
6 verbose parsed url   href: 'react' }
7 silly lockFile 6b810c90-react react
8 verbose lock react /Users/Home/.npm/6b810c90-react.lock
9 silly lockFile 6b810c90-react react
10 silly lockFile 6b810c90-react react
11 verbose addNamed [ 'react', '' ]
12 verbose addNamed [ null, '*' ]
13 silly lockFile 0baa5bb3-react react@
14 verbose lock react@ /Users/Home/.npm/0baa5bb3-react.lock
15 silly addNameRange { name: 'react', range: '*', hasData: false }
16 verbose request where is /react
17 verbose request registry https://registry.npmjs.org/
18 verbose request id 8b4452c546d65943
19 verbose url raw /react
20 verbose url resolving [ 'https://registry.npmjs.org/', './react' ]
21 verbose url resolved https://registry.npmjs.org/react
22 verbose request where is https://registry.npmjs.org/react
23 info trying registry request attempt 1 at 18:12:07
24 verbose etag "BHGK832MA3C85VNFQX6N8WS8X"
25 http GET https://registry.npmjs.org/react
26 http 304 https://registry.npmjs.org/react
27 silly registry.get cb [ 304,
27 silly registry.get   { date: 'Sat, 19 Sep 2015 22:12:07 GMT',
27 silly registry.get     via: '1.1 varnish',
27 silly registry.get     'cache-control': 'max-age=60',
27 silly registry.get     etag: '"BHGK832MA3C85VNFQX6N8WS8X"',
27 silly registry.get     age: '36',
27 silly registry.get     connection: 'keep-alive',
27 silly registry.get     'x-served-by': 'cache-atl6224-ATL',
27 silly registry.get     'x-cache': 'HIT',
27 silly registry.get     'x-cache-hits': '1',
27 silly registry.get     'x-timer': 'S1442700727.842118,VS0,VE2',
27 silly registry.get     vary: 'Accept' } ]
28 verbose etag https://registry.npmjs.org/react from cache
29 silly addNameRange number 2 { name: 'react', range: '*', hasData: true }
30 silly addNameRange versions [ 'react',
30 silly addNameRange   [ '0.0.1',
30 silly addNameRange     '0.0.2',
30 silly addNameRange     '0.0.3',
30 silly addNameRange     '0.1.2',
30 silly addNameRange     '0.2.0',
30 silly addNameRange     '0.2.1',
30 silly addNameRange     '0.2.2',
30 silly addNameRange     '0.2.3',
30 silly addNameRange     '0.2.4',
30 silly addNameRange     '0.2.5',
30 silly addNameRange     '0.2.6',
30 silly addNameRange     '0.3.0',
30 silly addNameRange     '0.3.4',
30 silly addNameRange     '0.3.5',
30 silly addNameRange     '0.5.0',
30 silly addNameRange     '0.5.1',
30 silly addNameRange     '0.5.2',
30 silly addNameRange     '0.6.0',
30 silly addNameRange     '0.6.1',
30 silly addNameRange     '0.6.2',
30 silly addNameRange     '0.6.3',
30 silly addNameRange     '0.7.0',
30 silly addNameRange     '0.7.1',
30 silly addNameRange     '0.8.0',
30 silly addNameRange     '0.9.0-rc1',
30 silly addNameRange     '0.9.0',
30 silly addNameRange     '0.10.0-rc1',
30 silly addNameRange     '0.10.0',
30 silly addNameRange     '0.11.0-rc1',
30 silly addNameRange     '0.11.0',
30 silly addNameRange     '0.11.1',
30 silly addNameRange     '0.11.2',
30 silly addNameRange     '0.12.0-rc1',
30 silly addNameRange     '0.12.0',
30 silly addNameRange     '0.12.1',
30 silly addNameRange     '0.12.2',
30 silly addNameRange     '0.13.0-alpha.1',
30 silly addNameRange     '0.13.0-alpha.2',
30 silly addNameRange     '0.13.0-beta.1',
30 silly addNameRange     '0.13.0-beta.2',
30 silly addNameRange     '0.13.0-rc1',
30 silly addNameRange     '0.13.0-rc2',
30 silly addNameRange     '0.13.0',
30 silly addNameRange     '0.13.1',
30 silly addNameRange     '0.13.2',
30 silly addNameRange     '0.13.3',
30 silly addNameRange     '0.14.0-alpha1',
30 silly addNameRange     '0.14.0-alpha2',
30 silly addNameRange     '0.14.0-alpha3',
30 silly addNameRange     '0.14.0-beta1',
30 silly addNameRange     '0.14.0-beta2',
30 silly addNameRange     '0.14.0-beta3',
30 silly addNameRange     '0.14.0-rc1' ] ]
31 verbose addNamed [ 'react', '0.13.3' ]
32 verbose addNamed [ '0.13.3', '0.13.3' ]
33 silly lockFile e90fbd15-react-0-13-3 react@0.13.3
34 verbose lock react@0.13.3 /Users/Home/.npm/e90fbd15-react-0-13-3.lock
35 silly lockFile e90fbd15-react-0-13-3 react@0.13.3
36 silly lockFile e90fbd15-react-0-13-3 react@0.13.3
37 silly lockFile 0baa5bb3-react react@
38 silly lockFile 0baa5bb3-react react@
39 silly resolved [ { name: 'react',
39 silly resolved     description: 'React is a JavaScript library for building user interfaces.',
39 silly resolved     version: '0.13.3',
39 silly resolved     keywords: [ 'react' ],
39 silly resolved     homepage: 'https://github.com/facebook/react/tree/master/npm-react',
39 silly resolved     bugs: { url: 'https://github.com/facebook/react/issues?labels=react-core' },
39 silly resolved     license: 'BSD-3-Clause',
39 silly resolved     files: [ 'README.md', 'addons.js', 'react.js', 'dist/', 'lib/' ],
39 silly resolved     main: 'react.js',
39 silly resolved     repository: { type: 'git', url: 'https://github.com/facebook/react' },
39 silly resolved     engines: { node: '>=0.10.0' },
39 silly resolved     dependencies: { envify: '^3.0.0' },
39 silly resolved     browserify: { transform: [Object] },
39 silly resolved     _id: 'react@0.13.3',
39 silly resolved     _shasum: 'a2dfa85335d7dc02b82b482f089582e64cc13356',
39 silly resolved     _resolved: 'https://registry.npmjs.org/react/-/react-0.13.3.tgz',
39 silly resolved     _from: 'react@',
39 silly resolved     scripts: {},
39 silly resolved     _npmVersion: '2.7.3',
39 silly resolved     _nodeVersion: '0.10.38',
39 silly resolved     _npmUser: { name: 'zpao', email: 'paul@oshannessy.com' },
39 silly resolved     maintainers: [ [Object], [Object], [Object], [Object] ],
39 silly resolved     dist:
39 silly resolved      { shasum: 'a2dfa85335d7dc02b82b482f089582e64cc13356',
39 silly resolved        tarball: 'http://registry.npmjs.org/react/-/react-0.13.3.tgz' },
39 silly resolved     directories: {},
39 silly resolved     readme: 'ERROR: No README data found!' } ]
40 info install react@0.13.3 into /Users/Home/Documents/Projects/frontthing
41 info installOne react@0.13.3
42 verbose node_modules/react unbuild
43 verbose tar unpack /Users/Home/.npm/react/0.13.3/package.tgz
44 silly lockFile f142e338-ts-frontthing-node-modules-react tar:///Users/Home/Documents/Projects/frontthing/node_modules/react
45 verbose lock tar:///Users/Home/Documents/Projects/frontthing/node_modules/react /Users/Home/.npm/f142e338-ts-frontthing-node-modules-react.lock
46 silly lockFile 298f8a69-ome-npm-react-0-13-3-package-tgz tar:///Users/Home/.npm/react/0.13.3/package.tgz
47 verbose lock tar:///Users/Home/.npm/react/0.13.3/package.tgz /Users/Home/.npm/298f8a69-ome-npm-react-0-13-3-package-tgz.lock
48 silly gunzTarPerm modes [ '755', '644' ]
49 silly gunzTarPerm extractEntry package.json
50 silly gunzTarPerm extractEntry README.md
51 silly gunzTarPerm extractEntry addons.js
52 silly gunzTarPerm extractEntry react.js
53 silly gunzTarPerm extractEntry dist/JSXTransformer.js
54 silly gunzTarPerm extractEntry dist/react-with-addons.js
55 silly gunzTarPerm extractEntry dist/react-with-addons.min.js
56 silly gunzTarPerm extractEntry dist/react.js
57 silly gunzTarPerm extractEntry dist/react.min.js
58 silly gunzTarPerm extractEntry lib/AutoFocusMixin.js
59 silly gunzTarPerm extractEntry lib/ReactPropTypeLocationNames.js
60 silly gunzTarPerm extractEntry lib/ReactPropTypeLocations.js
61 silly gunzTarPerm extractEntry lib/ReactPropTypes.js
62 silly gunzTarPerm extractEntry lib/ReactPropTransferer.js
63 silly gunzTarPerm extractEntry lib/ReactReconcileTransaction.js
64 silly gunzTarPerm extractEntry lib/ReactReconciler.js
65 silly gunzTarPerm extractEntry lib/ReactRef.js
66 silly gunzTarPerm extractEntry lib/ReactRootIndex.js
67 silly gunzTarPerm extractEntry lib/ReactServerRendering.js
68 silly gunzTarPerm extractEntry lib/ReactPerf.js
69 silly gunzTarPerm extractEntry lib/ReactServerRenderingTransaction.js
70 silly gunzTarPerm extractEntry lib/ReactOwner.js
71 silly gunzTarPerm extractEntry lib/ReactStateSetters.js
72 silly gunzTarPerm extractEntry lib/ReactNativeComponent.js
73 silly gunzTarPerm extractEntry lib/ReactTestUtils.js
74 silly gunzTarPerm extractEntry lib/ReactMultiChildUpdateTypes.js
75 silly gunzTarPerm extractEntry lib/ReactTransitionChildMapping.js
76 silly gunzTarPerm extractEntry lib/ReactMultiChild.js
77 silly gunzTarPerm extractEntry lib/ReactTransitionEvents.js
78 silly gunzTarPerm extractEntry lib/ReactMount.js
79 silly gunzTarPerm extractEntry lib/ReactTransitionGroup.js
80 silly gunzTarPerm extractEntry lib/ReactMarkupChecksum.js
81 silly gunzTarPerm extractEntry lib/ReactUpdateQueue.js
82 silly gunzTarPerm extractEntry lib/ReactLink.js
83 silly gunzTarPerm extractEntry lib/ReactUpdates.js
84 silly gunzTarPerm extractEntry lib/ReactLifeCycle.js
85 silly gunzTarPerm extractEntry lib/ReactWithAddons.js
86 silly gunzTarPerm extractEntry lib/ReactInstanceMap.js
87 silly gunzTarPerm extractEntry lib/SVGDOMPropertyConfig.js
88 silly gunzTarPerm extractEntry lib/ReactInstanceHandles.js
89 silly gunzTarPerm extractEntry lib/SelectEventPlugin.js
90 silly gunzTarPerm extractEntry lib/ReactInputSelection.js
91 silly gunzTarPerm extractEntry lib/ServerReactRootIndex.js
92 silly gunzTarPerm extractEntry lib/ReactInjection.js
93 silly gunzTarPerm extractEntry lib/SimpleEventPlugin.js
94 silly gunzTarPerm extractEntry lib/ReactFragment.js
95 silly gunzTarPerm extractEntry lib/SyntheticClipboardEvent.js
96 silly gunzTarPerm extractEntry lib/ReactEventListener.js
97 silly gunzTarPerm extractEntry lib/SyntheticCompositionEvent.js
98 silly gunzTarPerm extractEntry lib/ReactEventEmitterMixin.js
99 silly gunzTarPerm extractEntry lib/SyntheticDragEvent.js
100 silly gunzTarPerm extractEntry lib/ReactErrorUtils.js
101 silly gunzTarPerm extractEntry lib/SyntheticEvent.js
102 silly gunzTarPerm extractEntry lib/ReactEmptyComponent.js
103 silly gunzTarPerm extractEntry lib/SyntheticFocusEvent.js
104 silly gunzTarPerm extractEntry lib/ReactElementValidator.js
105 silly gunzTarPerm extractEntry lib/SyntheticInputEvent.js
106 silly gunzTarPerm extractEntry lib/ReactElement.js
107 silly gunzTarPerm extractEntry lib/SyntheticKeyboardEvent.js
108 silly gunzTarPerm extractEntry lib/ReactDefaultPerfAnalysis.js
109 silly gunzTarPerm extractEntry lib/SyntheticMouseEvent.js
110 silly gunzTarPerm extractEntry lib/ReactDefaultPerf.js
111 silly gunzTarPerm extractEntry lib/SyntheticTouchEvent.js
112 silly gunzTarPerm extractEntry lib/ReactDefaultInjection.js
113 silly gunzTarPerm extractEntry lib/SyntheticUIEvent.js
114 silly gunzTarPerm extractEntry lib/ReactDefaultBatchingStrategy.js
115 silly gunzTarPerm extractEntry lib/SyntheticWheelEvent.js
116 silly gunzTarPerm extractEntry lib/ReactDOMTextarea.js
117 silly gunzTarPerm extractEntry lib/Transaction.js
118 silly gunzTarPerm extractEntry lib/ReactDOMTextComponent.js
119 silly gunzTarPerm extractEntry lib/ViewportMetrics.js
120 silly gunzTarPerm extractEntry lib/ReactDOMSelection.js
121 silly gunzTarPerm extractEntry lib/accumulateInto.js
122 silly gunzTarPerm extractEntry lib/ReactDOMSelect.js
123 silly gunzTarPerm extractEntry lib/adler32.js
124 silly gunzTarPerm extractEntry lib/ReactDOMOption.js
125 silly gunzTarPerm extractEntry lib/camelize.js
126 silly gunzTarPerm extractEntry lib/ReactDOMInput.js
127 silly gunzTarPerm extractEntry lib/camelizeStyleName.js
128 silly gunzTarPerm extractEntry lib/ReactDOMImg.js
129 silly gunzTarPerm extractEntry lib/cloneWithProps.js
130 silly gunzTarPerm extractEntry lib/ReactDOMIframe.js
131 silly gunzTarPerm extractEntry lib/containsNode.js
132 silly gunzTarPerm extractEntry lib/ReactDOMIDOperations.js
133 silly gunzTarPerm extractEntry lib/createArrayFromMixed.js
134 silly gunzTarPerm extractEntry lib/ReactDOMForm.js
135 silly gunzTarPerm extractEntry lib/createFullPageComponent.js
136 silly gunzTarPerm extractEntry lib/ReactDOMComponent.js
137 silly gunzTarPerm extractEntry lib/createNodesFromMarkup.js
138 silly gunzTarPerm extractEntry lib/ReactDOMButton.js
139 silly gunzTarPerm extractEntry lib/cx.js
140 silly gunzTarPerm extractEntry lib/ReactDOM.js
141 silly gunzTarPerm extractEntry lib/dangerousStyleValue.js
142 silly gunzTarPerm extractEntry lib/ReactCurrentOwner.js
143 silly gunzTarPerm extractEntry lib/emptyFunction.js
144 silly gunzTarPerm extractEntry lib/ReactContext.js
145 silly gunzTarPerm extractEntry lib/emptyObject.js
146 silly gunzTarPerm extractEntry lib/ReactCompositeComponent.js
147 silly gunzTarPerm extractEntry lib/escapeTextContentForBrowser.js
148 silly gunzTarPerm extractEntry lib/ReactComponentWithPureRenderMixin.js
149 silly gunzTarPerm extractEntry lib/findDOMNode.js
150 silly gunzTarPerm extractEntry lib/ReactComponentEnvironment.js
151 silly gunzTarPerm extractEntry lib/flattenChildren.js
152 silly gunzTarPerm extractEntry lib/ReactComponentBrowserEnvironment.js
153 silly gunzTarPerm extractEntry lib/focusNode.js
154 silly gunzTarPerm extractEntry lib/ReactComponent.js
155 silly gunzTarPerm extractEntry lib/forEachAccumulated.js
156 silly gunzTarPerm extractEntry lib/ReactClass.js
157 silly gunzTarPerm extractEntry lib/getActiveElement.js
158 silly gunzTarPerm extractEntry lib/ReactChildren.js
159 silly gunzTarPerm extractEntry lib/getEventCharCode.js
160 silly gunzTarPerm extractEntry lib/ReactChildReconciler.js
161 silly gunzTarPerm extractEntry lib/getEventKey.js
162 silly gunzTarPerm extractEntry lib/ReactCSSTransitionGroupChild.js
163 silly gunzTarPerm extractEntry lib/getEventModifierState.js
164 silly gunzTarPerm extractEntry lib/ReactCSSTransitionGroup.js
165 silly gunzTarPerm extractEntry lib/getEventTarget.js
166 silly gunzTarPerm extractEntry lib/ReactBrowserEventEmitter.js
167 silly gunzTarPerm extractEntry lib/getIteratorFn.js
168 silly gunzTarPerm extractEntry lib/ReactBrowserComponentMixin.js
169 silly gunzTarPerm extractEntry lib/getMarkupWrap.js
170 silly gunzTarPerm extractEntry lib/React.js
171 silly gunzTarPerm extractEntry lib/getNodeForCharacterOffset.js
172 silly gunzTarPerm extractEntry lib/PooledClass.js
173 silly gunzTarPerm extractEntry lib/getReactRootElementInContainer.js
174 silly gunzTarPerm extractEntry lib/Object.assign.js
175 silly gunzTarPerm extractEntry lib/getTextContentAccessor.js
176 silly gunzTarPerm extractEntry lib/MobileSafariClickEventPlugin.js
177 silly gunzTarPerm extractEntry lib/getUnboundedScrollPosition.js
178 silly gunzTarPerm extractEntry lib/LocalEventTrapMixin.js
179 silly gunzTarPerm extractEntry lib/hyphenate.js
180 silly gunzTarPerm extractEntry lib/LinkedValueUtils.js
181 silly gunzTarPerm extractEntry lib/hyphenateStyleName.js
182 silly gunzTarPerm extractEntry lib/LinkedStateMixin.js
183 silly gunzTarPerm extractEntry lib/instantiateReactComponent.js
184 silly gunzTarPerm extractEntry lib/HTMLDOMPropertyConfig.js
185 silly gunzTarPerm extractEntry lib/invariant.js
186 silly gunzTarPerm extractEntry lib/FallbackCompositionState.js
187 silly gunzTarPerm extractEntry lib/isEventSupported.js
188 silly gunzTarPerm extractEntry lib/ExecutionEnvironment.js
189 silly gunzTarPerm extractEntry lib/isNode.js
190 silly gunzTarPerm extractEntry lib/EventPropagators.js
191 silly gunzTarPerm extractEntry lib/isTextInputElement.js
192 silly gunzTarPerm extractEntry lib/EventPluginUtils.js
193 silly gunzTarPerm extractEntry lib/isTextNode.js
194 silly gunzTarPerm extractEntry lib/EventPluginRegistry.js
195 silly gunzTarPerm extractEntry lib/joinClasses.js
196 silly gunzTarPerm extractEntry lib/EventPluginHub.js
197 silly gunzTarPerm extractEntry lib/keyMirror.js
198 silly gunzTarPerm extractEntry lib/EventListener.js
199 silly gunzTarPerm extractEntry lib/keyOf.js
200 silly gunzTarPerm extractEntry lib/EventConstants.js
201 silly gunzTarPerm extractEntry lib/mapObject.js
202 silly gunzTarPerm extractEntry lib/EnterLeaveEventPlugin.js
203 silly gunzTarPerm extractEntry lib/memoizeStringOnly.js
204 silly gunzTarPerm extractEntry lib/DefaultEventPluginOrder.js
205 silly gunzTarPerm extractEntry lib/onlyChild.js
206 silly gunzTarPerm extractEntry lib/Danger.js
207 silly gunzTarPerm extractEntry lib/performance.js
208 silly gunzTarPerm extractEntry lib/DOMPropertyOperations.js
209 silly gunzTarPerm extractEntry lib/performanceNow.js
210 silly gunzTarPerm extractEntry lib/DOMProperty.js
211 silly gunzTarPerm extractEntry lib/quoteAttributeValueForBrowser.js
212 silly gunzTarPerm extractEntry lib/DOMChildrenOperations.js
213 silly gunzTarPerm extractEntry lib/setInnerHTML.js
214 silly gunzTarPerm extractEntry lib/ClientReactRootIndex.js
215 silly gunzTarPerm extractEntry lib/setTextContent.js
216 silly gunzTarPerm extractEntry lib/ChangeEventPlugin.js
217 silly gunzTarPerm extractEntry lib/shallowEqual.js
218 silly gunzTarPerm extractEntry lib/CallbackQueue.js
219 silly gunzTarPerm extractEntry lib/shouldUpdateReactComponent.js
220 silly gunzTarPerm extractEntry lib/CSSPropertyOperations.js
221 silly gunzTarPerm extractEntry lib/toArray.js
222 silly gunzTarPerm extractEntry lib/CSSProperty.js
223 silly gunzTarPerm extractEntry lib/traverseAllChildren.js
224 silly gunzTarPerm extractEntry lib/CSSCore.js
225 silly gunzTarPerm extractEntry lib/update.js
226 silly gunzTarPerm extractEntry lib/BeforeInputEventPlugin.js
227 silly gunzTarPerm extractEntry lib/warning.js
228 silly gunzTarPerm extractEntry lib/ReactPutListenerQueue.js
229 silly lockFile f142e338-ts-frontthing-node-modules-react tar:///Users/Home/Documents/Projects/frontthing/node_modules/react
230 silly lockFile f142e338-ts-frontthing-node-modules-react tar:///Users/Home/Documents/Projects/frontthing/node_modules/react
231 silly lockFile 298f8a69-ome-npm-react-0-13-3-package-tgz tar:///Users/Home/.npm/react/0.13.3/package.tgz
232 silly lockFile 298f8a69-ome-npm-react-0-13-3-package-tgz tar:///Users/Home/.npm/react/0.13.3/package.tgz
233 info preinstall react@0.13.3
234 verbose readDependencies using package.json deps
235 verbose readDependencies using package.json deps
236 verbose cache add [ 'envify@^3.0.0', null ]
237 verbose cache add name=undefined spec="envify@^3.0.0" args=["envify@^3.0.0",null]
238 verbose parsed url { protocol: null,
238 verbose parsed url   slashes: null,
238 verbose parsed url   auth: null,
238 verbose parsed url   host: null,
238 verbose parsed url   port: null,
238 verbose parsed url   hostname: null,
238 verbose parsed url   hash: null,
238 verbose parsed url   search: null,
238 verbose parsed url   query: null,
238 verbose parsed url   pathname: 'envify@^3.0.0',
238 verbose parsed url   path: 'envify@^3.0.0',
238 verbose parsed url   href: 'envify@^3.0.0' }
239 verbose cache add name="envify" spec="^3.0.0" args=["envify","^3.0.0"]
240 verbose parsed url { protocol: null,
240 verbose parsed url   slashes: null,
240 verbose parsed url   auth: null,
240 verbose parsed url   host: null,
240 verbose parsed url   port: null,
240 verbose parsed url   hostname: null,
240 verbose parsed url   hash: null,
240 verbose parsed url   search: null,
240 verbose parsed url   query: null,
240 verbose parsed url   pathname: '^3.0.0',
240 verbose parsed url   path: '^3.0.0',
240 verbose parsed url   href: '^3.0.0' }
241 verbose addNamed [ 'envify', '^3.0.0' ]
242 verbose addNamed [ null, '>=3.0.0-0 <4.0.0-0' ]
243 silly lockFile 60731133-envify-3-0-0 envify@^3.0.0
244 verbose lock envify@^3.0.0 /Users/Home/.npm/60731133-envify-3-0-0.lock
245 silly addNameRange { name: 'envify', range: '>=3.0.0-0 <4.0.0-0', hasData: false }
246 verbose request where is /envify
247 verbose request registry https://registry.npmjs.org/
248 verbose url raw /envify
249 verbose url resolving [ 'https://registry.npmjs.org/', './envify' ]
250 verbose url resolved https://registry.npmjs.org/envify
251 verbose request where is https://registry.npmjs.org/envify
252 info trying registry request attempt 1 at 18:12:08
253 verbose etag "41ITF80HDPWN5M4HXGW6QK9D5"
254 http GET https://registry.npmjs.org/envify
255 http 304 https://registry.npmjs.org/envify
256 silly registry.get cb [ 304,
256 silly registry.get   { date: 'Sat, 19 Sep 2015 22:12:08 GMT',
256 silly registry.get     via: '1.1 varnish',
256 silly registry.get     'cache-control': 'max-age=60',
256 silly registry.get     etag: '"41ITF80HDPWN5M4HXGW6QK9D5"',
256 silly registry.get     age: '5',
256 silly registry.get     connection: 'keep-alive',
256 silly registry.get     'x-served-by': 'cache-atl6225-ATL',
256 silly registry.get     'x-cache': 'HIT',
256 silly registry.get     'x-cache-hits': '2',
256 silly registry.get     'x-timer': 'S1442700728.984363,VS0,VE0',
256 silly registry.get     vary: 'Accept' } ]
257 verbose etag https://registry.npmjs.org/envify from cache
258 silly addNameRange number 2 { name: 'envify', range: '>=3.0.0-0 <4.0.0-0', hasData: true }
259 silly addNameRange versions [ 'envify',
259 silly addNameRange   [ '0.0.1',
259 silly addNameRange     '0.1.0',
259 silly addNameRange     '0.2.0',
259 silly addNameRange     '1.0.0',
259 silly addNameRange     '1.0.1',
259 silly addNameRange     '1.1.0',
259 silly addNameRange     '1.2.0',
259 silly addNameRange     '1.2.1',
259 silly addNameRange     '2.0.0',
259 silly addNameRange     '2.0.1',
259 silly addNameRange     '3.0.0',
259 silly addNameRange     '3.1.0',
259 silly addNameRange     '3.2.0',
259 silly addNameRange     '3.3.0',
259 silly addNameRange     '3.3.1',
259 silly addNameRange     '3.4.0' ] ]
260 verbose addNamed [ 'envify', '3.4.0' ]
261 verbose addNamed [ '3.4.0', '3.4.0' ]
262 silly lockFile b60ef226-envify-3-4-0 envify@3.4.0
263 verbose lock envify@3.4.0 /Users/Home/.npm/b60ef226-envify-3-4-0.lock
264 silly lockFile b60ef226-envify-3-4-0 envify@3.4.0
265 silly lockFile b60ef226-envify-3-4-0 envify@3.4.0
266 silly lockFile 60731133-envify-3-0-0 envify@^3.0.0
267 silly lockFile 60731133-envify-3-0-0 envify@^3.0.0
268 silly resolved [ { name: 'envify',
268 silly resolved     version: '3.4.0',
268 silly resolved     description: 'Selectively replace Node-style environment variables with plain strings.',
268 silly resolved     main: 'index.js',
268 silly resolved     scripts: { test: 'node test.js | tap-spec' },
268 silly resolved     bin: { envify: 'bin/envify' },
268 silly resolved     repository: { type: 'git', url: 'git://github.com/hughsk/envify.git' },
268 silly resolved     author:
268 silly resolved      { name: 'Hugh Kennedy',
268 silly resolved        email: 'hughskennedy@gmail.com',
268 silly resolved        url: 'http://hughskennedy.com/' },
268 silly resolved     license: 'MIT',
268 silly resolved     devDependencies: { 'tap-spec': '^1.0.1', tape: '~2.3.2' },
268 silly resolved     dependencies: { through: '~2.3.4', jstransform: '^10.0.1' },
268 silly resolved     keywords:
268 silly resolved      [ 'environment',
268 silly resolved        'variables',
268 silly resolved        'browserify',
268 silly resolved        'browserify-transform',
268 silly resolved        'transform',
268 silly resolved        'source',
268 silly resolved        'configuration' ],
268 silly resolved     gitHead: 'c42c2052e33f82b651a992686c3578639bf0339b',
268 silly resolved     bugs: { url: 'https://github.com/hughsk/envify/issues' },
268 silly resolved     homepage: 'https://github.com/hughsk/envify',
268 silly resolved     _id: 'envify@3.4.0',
268 silly resolved     _shasum: 'a0bed52222529076a02fabf6ce00eef42d7b6734',
268 silly resolved     _from: 'envify@^3.0.0',
268 silly resolved     _npmVersion: '1.4.28',
268 silly resolved     _npmUser: { name: 'zertosh', email: 'zertosh@gmail.com' },
268 silly resolved     maintainers: [ [Object], [Object] ],
268 silly resolved     dist:
268 silly resolved      { shasum: 'a0bed52222529076a02fabf6ce00eef42d7b6734',
268 silly resolved        tarball: 'http://registry.npmjs.org/envify/-/envify-3.4.0.tgz' },
268 silly resolved     directories: {},
268 silly resolved     _resolved: 'https://registry.npmjs.org/envify/-/envify-3.4.0.tgz',
268 silly resolved     readme: 'ERROR: No README data found!' } ]
269 info install envify@3.4.0 into /Users/Home/Documents/Projects/frontthing/node_modules/react
270 info installOne envify@3.4.0
271 verbose node_modules/react/node_modules/envify unbuild
272 verbose tar unpack /Users/Home/.npm/envify/3.4.0/package.tgz
273 silly lockFile 2aad5a70-odules-react-node-modules-envify tar:///Users/Home/Documents/Projects/frontthing/node_modules/react/node_modules/envify
274 verbose lock tar:///Users/Home/Documents/Projects/frontthing/node_modules/react/node_modules/envify /Users/Home/.npm/2aad5a70-odules-react-node-modules-envify.lock
275 silly lockFile 44aa0ad9-ome-npm-envify-3-4-0-package-tgz tar:///Users/Home/.npm/envify/3.4.0/package.tgz
276 verbose lock tar:///Users/Home/.npm/envify/3.4.0/package.tgz /Users/Home/.npm/44aa0ad9-ome-npm-envify-3-4-0-package-tgz.lock
277 silly gunzTarPerm modes [ '755', '644' ]
278 silly gunzTarPerm extractEntry package.json
279 silly gunzTarPerm extractEntry .npmignore
280 silly gunzTarPerm extractEntry README.md
281 silly gunzTarPerm extractEntry visitors.js
282 silly gunzTarPerm extractEntry index.js
283 silly gunzTarPerm extractEntry custom.js
284 silly gunzTarPerm extractEntry bin/envify
285 silly lockFile 2aad5a70-odules-react-node-modules-envify tar:///Users/Home/Documents/Projects/frontthing/node_modules/react/node_modules/envify
286 silly lockFile 2aad5a70-odules-react-node-modules-envify tar:///Users/Home/Documents/Projects/frontthing/node_modules/react/node_modules/envify
287 silly lockFile 44aa0ad9-ome-npm-envify-3-4-0-package-tgz tar:///Users/Home/.npm/envify/3.4.0/package.tgz
288 silly lockFile 44aa0ad9-ome-npm-envify-3-4-0-package-tgz tar:///Users/Home/.npm/envify/3.4.0/package.tgz
289 info preinstall envify@3.4.0
290 verbose readDependencies using package.json deps
291 verbose readDependencies using package.json deps
292 verbose cache add [ 'through@~2.3.4', null ]
293 verbose cache add name=undefined spec="through@~2.3.4" args=["through@~2.3.4",null]
294 verbose parsed url { protocol: null,
294 verbose parsed url   slashes: null,
294 verbose parsed url   auth: null,
294 verbose parsed url   host: null,
294 verbose parsed url   port: null,
294 verbose parsed url   hostname: null,
294 verbose parsed url   hash: null,
294 verbose parsed url   search: null,
294 verbose parsed url   query: null,
294 verbose parsed url   pathname: 'through@~2.3.4',
294 verbose parsed url   path: 'through@~2.3.4',
294 verbose parsed url   href: 'through@~2.3.4' }
295 verbose cache add [ 'jstransform@^10.0.1', null ]
296 verbose cache add name=undefined spec="jstransform@^10.0.1" args=["jstransform@^10.0.1",null]
297 verbose parsed url { protocol: null,
297 verbose parsed url   slashes: null,
297 verbose parsed url   auth: null,
297 verbose parsed url   host: null,
297 verbose parsed url   port: null,
297 verbose parsed url   hostname: null,
297 verbose parsed url   hash: null,
297 verbose parsed url   search: null,
297 verbose parsed url   query: null,
297 verbose parsed url   pathname: 'jstransform@^10.0.1',
297 verbose parsed url   path: 'jstransform@^10.0.1',
297 verbose parsed url   href: 'jstransform@^10.0.1' }
298 verbose cache add name="through" spec="~2.3.4" args=["through","~2.3.4"]
299 verbose parsed url { protocol: null,
299 verbose parsed url   slashes: null,
299 verbose parsed url   auth: null,
299 verbose parsed url   host: null,
299 verbose parsed url   port: null,
299 verbose parsed url   hostname: null,
299 verbose parsed url   hash: null,
299 verbose parsed url   search: null,
299 verbose parsed url   query: null,
299 verbose parsed url   pathname: '~2.3.4',
299 verbose parsed url   path: '~2.3.4',
299 verbose parsed url   href: '~2.3.4' }
300 verbose addNamed [ 'through', '~2.3.4' ]
301 verbose addNamed [ null, '>=2.3.4-0 <2.4.0-0' ]
302 silly lockFile 560c0a42-through-2-3-4 through@~2.3.4
303 verbose lock through@~2.3.4 /Users/Home/.npm/560c0a42-through-2-3-4.lock
304 verbose cache add name="jstransform" spec="^10.0.1" args=["jstransform","^10.0.1"]
305 verbose parsed url { protocol: null,
305 verbose parsed url   slashes: null,
305 verbose parsed url   auth: null,
305 verbose parsed url   host: null,
305 verbose parsed url   port: null,
305 verbose parsed url   hostname: null,
305 verbose parsed url   hash: null,
305 verbose parsed url   search: null,
305 verbose parsed url   query: null,
305 verbose parsed url   pathname: '^10.0.1',
305 verbose parsed url   path: '^10.0.1',
305 verbose parsed url   href: '^10.0.1' }
306 verbose addNamed [ 'jstransform', '^10.0.1' ]
307 verbose addNamed [ null, '>=10.0.1-0 <11.0.0-0' ]
308 silly lockFile 92916357-jstransform-10-0-1 jstransform@^10.0.1
309 verbose lock jstransform@^10.0.1 /Users/Home/.npm/92916357-jstransform-10-0-1.lock
310 silly addNameRange { name: 'through', range: '>=2.3.4-0 <2.4.0-0', hasData: false }
311 silly addNameRange { name: 'jstransform',
311 silly addNameRange   range: '>=10.0.1-0 <11.0.0-0',
311 silly addNameRange   hasData: false }
312 verbose request where is /through
313 verbose request registry https://registry.npmjs.org/
314 verbose url raw /through
315 verbose url resolving [ 'https://registry.npmjs.org/', './through' ]
316 verbose url resolved https://registry.npmjs.org/through
317 verbose request where is https://registry.npmjs.org/through
318 info trying registry request attempt 1 at 18:12:09
319 verbose etag "3OQAPM245BT6G1TW55EK7N7LX"
320 http GET https://registry.npmjs.org/through
321 verbose request where is /jstransform
322 verbose request registry https://registry.npmjs.org/
323 verbose url raw /jstransform
324 verbose url resolving [ 'https://registry.npmjs.org/', './jstransform' ]
325 verbose url resolved https://registry.npmjs.org/jstransform
326 verbose request where is https://registry.npmjs.org/jstransform
327 info trying registry request attempt 1 at 18:12:09
328 verbose etag "47B7F6QLHW6K515EWMAOJ4LOW"
329 http GET https://registry.npmjs.org/jstransform
330 http 304 https://registry.npmjs.org/through
331 silly registry.get cb [ 304,
331 silly registry.get   { date: 'Sat, 19 Sep 2015 22:12:09 GMT',
331 silly registry.get     via: '1.1 varnish',
331 silly registry.get     'cache-control': 'max-age=60',
331 silly registry.get     etag: '"3OQAPM245BT6G1TW55EK7N7LX"',
331 silly registry.get     age: '3',
331 silly registry.get     connection: 'keep-alive',
331 silly registry.get     'x-served-by': 'cache-atl6228-ATL',
331 silly registry.get     'x-cache': 'HIT',
331 silly registry.get     'x-cache-hits': '1',
331 silly registry.get     'x-timer': 'S1442700729.638070,VS0,VE0',
331 silly registry.get     vary: 'Accept' } ]
332 verbose etag https://registry.npmjs.org/through from cache
333 http 304 https://registry.npmjs.org/jstransform
334 silly registry.get cb [ 304,
334 silly registry.get   { date: 'Sat, 19 Sep 2015 22:12:09 GMT',
334 silly registry.get     via: '1.1 varnish',
334 silly registry.get     'cache-control': 'max-age=60',
334 silly registry.get     etag: '"47B7F6QLHW6K515EWMAOJ4LOW"',
334 silly registry.get     age: '31',
334 silly registry.get     connection: 'keep-alive',
334 silly registry.get     'x-served-by': 'cache-atl6231-ATL',
334 silly registry.get     'x-cache': 'HIT',
334 silly registry.get     'x-cache-hits': '1',
334 silly registry.get     'x-timer': 'S1442700729.637322,VS0,VE1',
334 silly registry.get     vary: 'Accept' } ]
335 verbose etag https://registry.npmjs.org/jstransform from cache
336 silly addNameRange number 2 { name: 'through', range: '>=2.3.4-0 <2.4.0-0', hasData: true }
337 silly addNameRange versions [ 'through',
337 silly addNameRange   [ '0.0.1',
337 silly addNameRange     '0.0.2',
337 silly addNameRange     '0.0.3',
337 silly addNameRange     '0.0.4',
337 silly addNameRange     '0.1.0',
337 silly addNameRange     '0.1.1',
337 silly addNameRange     '0.1.2',
337 silly addNameRange     '0.1.3',
337 silly addNameRange     '0.1.4',
337 silly addNameRange     '1.0.0',
337 silly addNameRange     '1.1.0',
337 silly addNameRange     '1.1.1',
337 silly addNameRange     '1.1.2',
337 silly addNameRange     '2.0.0',
337 silly addNameRange     '2.1.0',
337 silly addNameRange     '2.2.0',
337 silly addNameRange     '2.2.1',
337 silly addNameRange     '2.2.2',
337 silly addNameRange     '2.2.4',
337 silly addNameRange     '2.2.5',
337 silly addNameRange     '2.2.6',
337 silly addNameRange     '2.2.7',
337 silly addNameRange     '2.3.1',
337 silly addNameRange     '2.3.2',
337 silly addNameRange     '2.3.3',
337 silly addNameRange     '2.3.4',
337 silly addNameRange     '2.3.6',
337 silly addNameRange     '2.3.7',
337 silly addNameRange     '2.3.8' ] ]
338 verbose addNamed [ 'through', '2.3.8' ]
339 verbose addNamed [ '2.3.8', '2.3.8' ]
340 silly lockFile 05586770-through-2-3-8 through@2.3.8
341 verbose lock through@2.3.8 /Users/Home/.npm/05586770-through-2-3-8.lock
342 silly addNameRange number 2 { name: 'jstransform',
342 silly addNameRange   range: '>=10.0.1-0 <11.0.0-0',
342 silly addNameRange   hasData: true }
343 silly addNameRange versions [ 'jstransform',
343 silly addNameRange   [ '1.0.0',
343 silly addNameRange     '1.0.1',
343 silly addNameRange     '2.0.1',
343 silly addNameRange     '2.0.2',
343 silly addNameRange     '2.0.3',
343 silly addNameRange     '3.0.0',
343 silly addNameRange     '4.0.0',
343 silly addNameRange     '4.0.1',
343 silly addNameRange     '5.0.0',
343 silly addNameRange     '6.0.0',
343 silly addNameRange     '6.0.1',
343 silly addNameRange     '6.1.0',
343 silly addNameRange     '6.2.0',
343 silly addNameRange     '6.3.0',
343 silly addNameRange     '6.3.2',
343 silly addNameRange     '7.0.0',
343 silly addNameRange     '8.0.0',
343 silly addNameRange     '8.1.0',
343 silly addNameRange     '8.2.0',
343 silly addNameRange     '9.0.0',
343 silly addNameRange     '9.1.0',
343 silly addNameRange     '9.1.1',
343 silly addNameRange     '10.0.0',
343 silly addNameRange     '10.0.1',
343 silly addNameRange     '10.1.0',
343 silly addNameRange     '11.0.0',
343 silly addNameRange     '11.0.1',
343 silly addNameRange     '11.0.2',
343 silly addNameRange     '11.0.3' ] ]
344 verbose addNamed [ 'jstransform', '10.1.0' ]
345 verbose addNamed [ '10.1.0', '10.1.0' ]
346 silly lockFile a43da3f1-jstransform-10-1-0 jstransform@10.1.0
347 verbose lock jstransform@10.1.0 /Users/Home/.npm/a43da3f1-jstransform-10-1-0.lock
348 silly lockFile 05586770-through-2-3-8 through@2.3.8
349 silly lockFile 05586770-through-2-3-8 through@2.3.8
350 silly lockFile 560c0a42-through-2-3-4 through@~2.3.4
351 silly lockFile 560c0a42-through-2-3-4 through@~2.3.4
352 silly lockFile a43da3f1-jstransform-10-1-0 jstransform@10.1.0
353 silly lockFile a43da3f1-jstransform-10-1-0 jstransform@10.1.0
354 silly lockFile 92916357-jstransform-10-0-1 jstransform@^10.0.1
355 silly lockFile 92916357-jstransform-10-0-1 jstransform@^10.0.1
356 silly resolved [ { name: 'through',
356 silly resolved     version: '2.3.8',
356 silly resolved     description: 'simplified stream construction',
356 silly resolved     main: 'index.js',
356 silly resolved     scripts: { test: 'set -e; for t in test/*.js; do node $t; done' },
356 silly resolved     devDependencies: { 'stream-spec': '~0.3.5', tape: '~2.3.2', from: '~0.1.3' },
356 silly resolved     keywords: [ 'stream', 'streams', 'user-streams', 'pipe' ],
356 silly resolved     author:
356 silly resolved      { name: 'Dominic Tarr',
356 silly resolved        email: 'dominic.tarr@gmail.com',
356 silly resolved        url: 'dominictarr.com' },
356 silly resolved     license: 'MIT',
356 silly resolved     repository:
356 silly resolved      { type: 'git',
356 silly resolved        url: 'git+https://github.com/dominictarr/through.git' },
356 silly resolved     homepage: 'https://github.com/dominictarr/through',
356 silly resolved     testling: { browsers: [Object], files: 'test/*.js' },
356 silly resolved     gitHead: '2c5a6f9a0cc54da759b6e10964f2081c358e49dc',
356 silly resolved     bugs: { url: 'https://github.com/dominictarr/through/issues' },
356 silly resolved     _id: 'through@2.3.8',
356 silly resolved     _shasum: '0dd4c9ffaabc357960b1b724115d7e0e86a2e1f5',
356 silly resolved     _from: 'through@~2.3.4',
356 silly resolved     _npmVersion: '2.12.0',
356 silly resolved     _nodeVersion: '2.3.1',
356 silly resolved     _npmUser: { name: 'dominictarr', email: 'dominic.tarr@gmail.com' },
356 silly resolved     maintainers: [ [Object] ],
356 silly resolved     dist:
356 silly resolved      { shasum: '0dd4c9ffaabc357960b1b724115d7e0e86a2e1f5',
356 silly resolved        tarball: 'http://registry.npmjs.org/through/-/through-2.3.8.tgz' },
356 silly resolved     directories: {},
356 silly resolved     _resolved: 'https://registry.npmjs.org/through/-/through-2.3.8.tgz',
356 silly resolved     readme: 'ERROR: No README data found!' },
356 silly resolved   { name: 'jstransform',
356 silly resolved     version: '10.1.0',
356 silly resolved     description: 'A simple AST visitor-based JS transformer',
356 silly resolved     contributors: [ [Object] ],
356 silly resolved     main: 'src/jstransform',
356 silly resolved     repository: { type: 'git', url: 'git@github.com:facebook/jstransform.git' },
356 silly resolved     keywords: [ 'transformer', 'compiler', 'syntax', 'visitor' ],
356 silly resolved     dependencies:
356 silly resolved      { base62: '0.1.1',
356 silly resolved        'esprima-fb': '13001.1001.0-dev-harmony-fb',
356 silly resolved        'source-map': '0.1.31' },
356 silly resolved     licenses: [ [Object] ],
356 silly resolved     engines: { node: '>=0.8.8' },
356 silly resolved     devDependencies: { 'jest-cli': '^0.2', jshint: '^2.5.10' },
356 silly resolved     jest:
356 silly resolved      { scriptPreprocessor: '<rootDir>/jestPreprocessor.js',
356 silly resolved        setupEnvScriptFile: '<rootDir>/jestEnvironment.js',
356 silly resolved        testPathIgnorePatterns: [Object] },
356 silly resolved     scripts:
356 silly resolved      { prepublish: 'jest && jshint --config=.jshintrc --exclude=node_modules .',
356 silly resolved        test: 'jest && jshint --config=.jshintrc --exclude=node_modules .' },
356 silly resolved     gitHead: '90201cf6e40549bacf0efe8915600658a9564471',
356 silly resolved     bugs: { url: 'https://github.com/facebook/jstransform/issues' },
356 silly resolved     homepage: 'https://github.com/facebook/jstransform',
356 silly resolved     _id: 'jstransform@10.1.0',
356 silly resolved     _shasum: 'b4c49bf63f162c108b0348399a8737c713b0a83a',
356 silly resolved     _from: 'jstransform@^10.0.1',
356 silly resolved     _npmVersion: '1.4.16',
356 silly resolved     _npmUser: { name: 'gabelevi', email: 'gabelevi@gmail.com' },
356 silly resolved     maintainers: [ [Object], [Object], [Object], [Object] ],
356 silly resolved     dist:
356 silly resolved      { shasum: 'b4c49bf63f162c108b0348399a8737c713b0a83a',
356 silly resolved        tarball: 'http://registry.npmjs.org/jstransform/-/jstransform-10.1.0.tgz' },
356 silly resolved     directories: {},
356 silly resolved     _resolved: 'https://registry.npmjs.org/jstransform/-/jstransform-10.1.0.tgz',
356 silly resolved     readme: 'ERROR: No README data found!' } ]
357 info install through@2.3.8 into /Users/Home/Documents/Projects/frontthing/node_modules/react/node_modules/envify
358 info install jstransform@10.1.0 into /Users/Home/Documents/Projects/frontthing/node_modules/react/node_modules/envify
359 info installOne through@2.3.8
360 info installOne jstransform@10.1.0
361 verbose node_modules/react/node_modules/envify/node_modules/through unbuild
362 verbose node_modules/react/node_modules/envify/node_modules/jstransform unbuild
363 verbose tar unpack /Users/Home/.npm/through/2.3.8/package.tgz
364 silly lockFile 4bb1ddb8-ules-envify-node-modules-through tar:///Users/Home/Documents/Projects/frontthing/node_modules/react/node_modules/envify/node_modules/through
365 verbose lock tar:///Users/Home/Documents/Projects/frontthing/node_modules/react/node_modules/envify/node_modules/through /Users/Home/.npm/4bb1ddb8-ules-envify-node-modules-through.lock
366 silly lockFile f33defdb-me-npm-through-2-3-8-package-tgz tar:///Users/Home/.npm/through/2.3.8/package.tgz
367 verbose lock tar:///Users/Home/.npm/through/2.3.8/package.tgz /Users/Home/.npm/f33defdb-me-npm-through-2-3-8-package-tgz.lock
368 verbose tar unpack /Users/Home/.npm/jstransform/10.1.0/package.tgz
369 silly lockFile d7acab9c--envify-node-modules-jstransform tar:///Users/Home/Documents/Projects/frontthing/node_modules/react/node_modules/envify/node_modules/jstransform
370 verbose lock tar:///Users/Home/Documents/Projects/frontthing/node_modules/react/node_modules/envify/node_modules/jstransform /Users/Home/.npm/d7acab9c--envify-node-modules-jstransform.lock
371 silly lockFile 4a028ac0-m-jstransform-10-1-0-package-tgz tar:///Users/Home/.npm/jstransform/10.1.0/package.tgz
372 verbose lock tar:///Users/Home/.npm/jstransform/10.1.0/package.tgz /Users/Home/.npm/4a028ac0-m-jstransform-10-1-0-package-tgz.lock
373 silly gunzTarPerm modes [ '755', '644' ]
374 silly gunzTarPerm modes [ '755', '644' ]
375 silly gunzTarPerm extractEntry package.json
376 silly gunzTarPerm extractEntry index.js
377 silly gunzTarPerm extractEntry .travis.yml
378 silly gunzTarPerm extractEntry package.json
379 silly gunzTarPerm extractEntry .npmignore
380 silly gunzTarPerm extractEntry README.md
381 silly gunzTarPerm extractEntry LICENSE.APACHE2
382 silly gunzTarPerm extractEntry LICENSE.MIT
383 silly gunzTarPerm extractEntry LICENSE
384 silly gunzTarPerm extractEntry readme.markdown
385 silly gunzTarPerm extractEntry test/async.js
386 silly gunzTarPerm extractEntry jestEnvironment.js
387 silly gunzTarPerm extractEntry jestPreprocessor.js
388 silly gunzTarPerm extractEntry test/auto-destroy.js
389 silly gunzTarPerm extractEntry test/buffering.js
390 silly gunzTarPerm extractEntry .jshintrc
391 silly gunzTarPerm extractEntry .travis.yml
392 silly gunzTarPerm extractEntry test/end.js
393 silly gunzTarPerm extractEntry test/index.js
394 silly gunzTarPerm extractEntry polyfill/Object.es6.js
395 silly gunzTarPerm extractEntry src/docblock.js
396 silly gunzTarPerm extractEntry src/jstransform.js
397 silly gunzTarPerm extractEntry src/utils.js
398 silly gunzTarPerm extractEntry src/__tests__/jstransform-test.js
399 silly gunzTarPerm extractEntry src/__tests__/jstransform-utils-test.js
400 silly gunzTarPerm extractEntry visitors/type-syntax.js
401 silly gunzTarPerm extractEntry visitors/es6-class-visitors.js
402 silly gunzTarPerm extractEntry visitors/es6-destructuring-visitors.js
403 silly gunzTarPerm extractEntry visitors/es6-object-concise-method-visitors.js
404 silly gunzTarPerm extractEntry visitors/es6-object-short-notation-visitors.js
405 silly gunzTarPerm extractEntry visitors/es6-call-spread-visitors.js
406 silly lockFile 4bb1ddb8-ules-envify-node-modules-through tar:///Users/Home/Documents/Projects/frontthing/node_modules/react/node_modules/envify/node_modules/through
407 silly lockFile 4bb1ddb8-ules-envify-node-modules-through tar:///Users/Home/Documents/Projects/frontthing/node_modules/react/node_modules/envify/node_modules/through
408 silly gunzTarPerm extractEntry visitors/es6-template-visitors.js
409 silly gunzTarPerm extractEntry visitors/es7-rest-property-helpers.js
410 silly lockFile f33defdb-me-npm-through-2-3-8-package-tgz tar:///Users/Home/.npm/through/2.3.8/package.tgz
411 silly lockFile f33defdb-me-npm-through-2-3-8-package-tgz tar:///Users/Home/.npm/through/2.3.8/package.tgz
412 info preinstall through@2.3.8
413 verbose readDependencies using package.json deps
414 verbose readDependencies using package.json deps
415 silly resolved []
416 verbose about to build /Users/Home/Documents/Projects/frontthing/node_modules/react/node_modules/envify/node_modules/through
417 info build /Users/Home/Documents/Projects/frontthing/node_modules/react/node_modules/envify/node_modules/through
418 verbose linkStuff [ false,
418 verbose linkStuff   false,
418 verbose linkStuff   false,
418 verbose linkStuff   '/Users/Home/Documents/Projects/frontthing/node_modules/react/node_modules/envify/node_modules' ]
419 info linkStuff through@2.3.8
420 verbose linkBins through@2.3.8
421 verbose linkMans through@2.3.8
422 verbose rebuildBundles through@2.3.8
423 info install through@2.3.8
424 info postinstall through@2.3.8
425 silly gunzTarPerm extractEntry visitors/es7-spread-property-visitors.js
426 silly gunzTarPerm extractEntry visitors/reserved-words-helper.js
427 silly gunzTarPerm extractEntry visitors/reserved-words-visitors.js
428 silly gunzTarPerm extractEntry visitors/es6-arrow-function-visitors.js
429 silly gunzTarPerm extractEntry visitors/es6-rest-param-visitors.js
430 silly gunzTarPerm extractEntry visitors/__tests__/es6-arrow-function-visitors-test.js
431 silly gunzTarPerm extractEntry visitors/__tests__/es6-object-short-notation-visitors-test.js
432 silly gunzTarPerm extractEntry visitors/__tests__/es6-rest-param-visitors-test.js
433 silly gunzTarPerm extractEntry visitors/__tests__/es6-template-visitors-test.js
434 silly gunzTarPerm extractEntry visitors/__tests__/es7-rest-property-helpers-test.js
435 silly gunzTarPerm extractEntry visitors/__tests__/es6-object-concise-method-visitors-test.js
436 silly gunzTarPerm extractEntry visitors/__tests__/type-syntax-test.js
437 silly gunzTarPerm extractEntry visitors/__tests__/reserved-words-test.js
438 silly gunzTarPerm extractEntry visitors/__tests__/type-alias-syntax-test.js
439 silly gunzTarPerm extractEntry visitors/__tests__/type-class-syntax-test.js
440 silly gunzTarPerm extractEntry visitors/__tests__/type-function-syntax-test.js
441 silly gunzTarPerm extractEntry visitors/__tests__/es6-es7-object-integration-test.js
442 silly gunzTarPerm extractEntry visitors/__tests__/type-interface-syntax-test.js
443 silly gunzTarPerm extractEntry visitors/__tests__/es6-destructuring-visitors-test.js
444 silly gunzTarPerm extractEntry visitors/__tests__/type-object-method-syntax-test.js
445 silly gunzTarPerm extractEntry visitors/__tests__/es6-class-visitors-test.js
446 silly gunzTarPerm extractEntry visitors/__tests__/type-pattern-syntax-test.js
447 silly gunzTarPerm extractEntry visitors/__tests__/es6-call-spread-visitors-test.js
448 silly gunzTarPerm extractEntry visitors/__tests__/type-variable-declaration-syntax-test.js
449 silly gunzTarPerm extractEntry visitors/__tests__/es7-spread-property-visitors-test.js
450 silly gunzTarPerm extractEntry visitors/__tests__/gen/generate-type-syntax-test.js
451 silly gunzTarPerm extractEntry visitors/__tests__/gen/type-syntax-test.rec.js
452 silly lockFile d7acab9c--envify-node-modules-jstransform tar:///Users/Home/Documents/Projects/frontthing/node_modules/react/node_modules/envify/node_modules/jstransform
453 silly lockFile d7acab9c--envify-node-modules-jstransform tar:///Users/Home/Documents/Projects/frontthing/node_modules/react/node_modules/envify/node_modules/jstransform
454 silly lockFile 4a028ac0-m-jstransform-10-1-0-package-tgz tar:///Users/Home/.npm/jstransform/10.1.0/package.tgz
455 silly lockFile 4a028ac0-m-jstransform-10-1-0-package-tgz tar:///Users/Home/.npm/jstransform/10.1.0/package.tgz
456 info preinstall jstransform@10.1.0
457 verbose readDependencies using package.json deps
458 verbose readDependencies using package.json deps
459 verbose cache add [ 'base62@0.1.1', null ]
460 verbose cache add name=undefined spec="base62@0.1.1" args=["base62@0.1.1",null]
461 verbose parsed url { protocol: null,
461 verbose parsed url   slashes: null,
461 verbose parsed url   auth: null,
461 verbose parsed url   host: null,
461 verbose parsed url   port: null,
461 verbose parsed url   hostname: null,
461 verbose parsed url   hash: null,
461 verbose parsed url   search: null,
461 verbose parsed url   query: null,
461 verbose parsed url   pathname: 'base62@0.1.1',
461 verbose parsed url   path: 'base62@0.1.1',
461 verbose parsed url   href: 'base62@0.1.1' }
462 verbose cache add [ 'esprima-fb@13001.1001.0-dev-harmony-fb', null ]
463 verbose cache add name=undefined spec="esprima-fb@13001.1001.0-dev-harmony-fb" args=["esprima-fb@13001.1001.0-dev-harmony-fb",null]
464 verbose parsed url { protocol: null,
464 verbose parsed url   slashes: null,
464 verbose parsed url   auth: null,
464 verbose parsed url   host: null,
464 verbose parsed url   port: null,
464 verbose parsed url   hostname: null,
464 verbose parsed url   hash: null,
464 verbose parsed url   search: null,
464 verbose parsed url   query: null,
464 verbose parsed url   pathname: 'esprima-fb@13001.1001.0-dev-harmony-fb',
464 verbose parsed url   path: 'esprima-fb@13001.1001.0-dev-harmony-fb',
464 verbose parsed url   href: 'esprima-fb@13001.1001.0-dev-harmony-fb' }
465 verbose cache add [ 'source-map@0.1.31', null ]
466 verbose cache add name=undefined spec="source-map@0.1.31" args=["source-map@0.1.31",null]
467 verbose parsed url { protocol: null,
467 verbose parsed url   slashes: null,
467 verbose parsed url   auth: null,
467 verbose parsed url   host: null,
467 verbose parsed url   port: null,
467 verbose parsed url   hostname: null,
467 verbose parsed url   hash: null,
467 verbose parsed url   search: null,
467 verbose parsed url   query: null,
467 verbose parsed url   pathname: 'source-map@0.1.31',
467 verbose parsed url   path: 'source-map@0.1.31',
467 verbose parsed url   href: 'source-map@0.1.31' }
468 verbose cache add name="base62" spec="0.1.1" args=["base62","0.1.1"]
469 verbose parsed url { protocol: null,
469 verbose parsed url   slashes: null,
469 verbose parsed url   auth: null,
469 verbose parsed url   host: null,
469 verbose parsed url   port: null,
469 verbose parsed url   hostname: null,
469 verbose parsed url   hash: null,
469 verbose parsed url   search: null,
469 verbose parsed url   query: null,
469 verbose parsed url   pathname: '0.1.1',
469 verbose parsed url   path: '0.1.1',
469 verbose parsed url   href: '0.1.1' }
470 verbose addNamed [ 'base62', '0.1.1' ]
471 verbose addNamed [ '0.1.1', '0.1.1' ]
472 silly lockFile c24f39ea-base62-0-1-1 base62@0.1.1
473 verbose lock base62@0.1.1 /Users/Home/.npm/c24f39ea-base62-0-1-1.lock
474 verbose cache add name="esprima-fb" spec="13001.1001.0-dev-harmony-fb" args=["esprima-fb","13001.1001.0-dev-harmony-fb"]
475 verbose parsed url { protocol: null,
475 verbose parsed url   slashes: null,
475 verbose parsed url   auth: null,
475 verbose parsed url   host: null,
475 verbose parsed url   port: null,
475 verbose parsed url   hostname: null,
475 verbose parsed url   hash: null,
475 verbose parsed url   search: null,
475 verbose parsed url   query: null,
475 verbose parsed url   pathname: '13001.1001.0-dev-harmony-fb',
475 verbose parsed url   path: '13001.1001.0-dev-harmony-fb',
475 verbose parsed url   href: '13001.1001.0-dev-harmony-fb' }
476 verbose addNamed [ 'esprima-fb', '13001.1001.0-dev-harmony-fb' ]
477 verbose addNamed [ '13001.1001.0-dev-harmony-fb', '13001.1001.0-dev-harmony-fb' ]
478 silly lockFile b6ef9b9a-a-fb-13001-1001-0-dev-harmony-fb esprima-fb@13001.1001.0-dev-harmony-fb
479 verbose lock esprima-fb@13001.1001.0-dev-harmony-fb /Users/Home/.npm/b6ef9b9a-a-fb-13001-1001-0-dev-harmony-fb.lock
480 verbose cache add name="source-map" spec="0.1.31" args=["source-map","0.1.31"]
481 verbose parsed url { protocol: null,
481 verbose parsed url   slashes: null,
481 verbose parsed url   auth: null,
481 verbose parsed url   host: null,
481 verbose parsed url   port: null,
481 verbose parsed url   hostname: null,
481 verbose parsed url   hash: null,
481 verbose parsed url   search: null,
481 verbose parsed url   query: null,
481 verbose parsed url   pathname: '0.1.31',
481 verbose parsed url   path: '0.1.31',
481 verbose parsed url   href: '0.1.31' }
482 verbose addNamed [ 'source-map', '0.1.31' ]
483 verbose addNamed [ '0.1.31', '0.1.31' ]
484 silly lockFile da25d7af-source-map-0-1-31 source-map@0.1.31
485 verbose lock source-map@0.1.31 /Users/Home/.npm/da25d7af-source-map-0-1-31.lock
486 verbose request where is /base62
487 verbose request registry https://registry.npmjs.org/
488 verbose url raw /base62
489 verbose url resolving [ 'https://registry.npmjs.org/', './base62' ]
490 verbose url resolved https://registry.npmjs.org/base62
491 verbose request where is https://registry.npmjs.org/base62
492 info trying registry request attempt 1 at 18:12:09
493 verbose etag "BQZ7WJ20DXU0D6FF0L2UQ5RG9"
494 http GET https://registry.npmjs.org/base62
495 verbose request where is /esprima-fb
496 verbose request registry https://registry.npmjs.org/
497 verbose url raw /esprima-fb
498 verbose url resolving [ 'https://registry.npmjs.org/', './esprima-fb' ]
499 verbose url resolved https://registry.npmjs.org/esprima-fb
500 verbose request where is https://registry.npmjs.org/esprima-fb
501 info trying registry request attempt 1 at 18:12:09
502 verbose etag "3E6H6NMDA2ULGJP0NOLZPJ80G"
503 http GET https://registry.npmjs.org/esprima-fb
504 verbose request where is /source-map
505 verbose request registry https://registry.npmjs.org/
506 verbose url raw /source-map
507 verbose url resolving [ 'https://registry.npmjs.org/', './source-map' ]
508 verbose url resolved https://registry.npmjs.org/source-map
509 verbose request where is https://registry.npmjs.org/source-map
510 info trying registry request attempt 1 at 18:12:09
511 verbose etag "5XRQG89JR08HIOSSPBHGTGQEE"
512 http GET https://registry.npmjs.org/source-map
513 http 304 https://registry.npmjs.org/esprima-fb
514 silly registry.get cb [ 304,
514 silly registry.get   { date: 'Sat, 19 Sep 2015 22:12:10 GMT',
514 silly registry.get     via: '1.1 varnish',
514 silly registry.get     'cache-control': 'max-age=60',
514 silly registry.get     etag: '"3E6H6NMDA2ULGJP0NOLZPJ80G"',
514 silly registry.get     age: '44',
514 silly registry.get     connection: 'keep-alive',
514 silly registry.get     'x-served-by': 'cache-atl6233-ATL',
514 silly registry.get     'x-cache': 'HIT',
514 silly registry.get     'x-cache-hits': '2',
514 silly registry.get     'x-timer': 'S1442700730.104457,VS0,VE0',
514 silly registry.get     vary: 'Accept' } ]
515 verbose etag https://registry.npmjs.org/esprima-fb from cache
516 silly lockFile b6ef9b9a-a-fb-13001-1001-0-dev-harmony-fb esprima-fb@13001.1001.0-dev-harmony-fb
517 silly lockFile b6ef9b9a-a-fb-13001-1001-0-dev-harmony-fb esprima-fb@13001.1001.0-dev-harmony-fb
518 http 304 https://registry.npmjs.org/source-map
519 silly registry.get cb [ 304,
519 silly registry.get   { date: 'Sat, 19 Sep 2015 22:12:10 GMT',
519 silly registry.get     via: '1.1 varnish',
519 silly registry.get     'cache-control': 'max-age=60',
519 silly registry.get     etag: '"5XRQG89JR08HIOSSPBHGTGQEE"',
519 silly registry.get     age: '49',
519 silly registry.get     connection: 'keep-alive',
519 silly registry.get     'x-served-by': 'cache-atl6221-ATL',
519 silly registry.get     'x-cache': 'HIT',
519 silly registry.get     'x-cache-hits': '6',
519 silly registry.get     'x-timer': 'S1442700730.115389,VS0,VE0',
519 silly registry.get     vary: 'Accept' } ]
520 verbose etag https://registry.npmjs.org/source-map from cache
521 http 304 https://registry.npmjs.org/base62
522 silly registry.get cb [ 304,
522 silly registry.get   { date: 'Sat, 19 Sep 2015 22:12:10 GMT',
522 silly registry.get     via: '1.1 varnish',
522 silly registry.get     'cache-control': 'max-age=60',
522 silly registry.get     etag: '"BQZ7WJ20DXU0D6FF0L2UQ5RG9"',
522 silly registry.get     age: '30',
522 silly registry.get     connection: 'keep-alive',
522 silly registry.get     'x-served-by': 'cache-atl6227-ATL',
522 silly registry.get     'x-cache': 'HIT',
522 silly registry.get     'x-cache-hits': '34',
522 silly registry.get     'x-timer': 'S1442700730.116898,VS0,VE0',
522 silly registry.get     vary: 'Accept' } ]
523 verbose etag https://registry.npmjs.org/base62 from cache
524 silly lockFile c24f39ea-base62-0-1-1 base62@0.1.1
525 silly lockFile c24f39ea-base62-0-1-1 base62@0.1.1
526 silly lockFile da25d7af-source-map-0-1-31 source-map@0.1.31
527 silly lockFile da25d7af-source-map-0-1-31 source-map@0.1.31
528 silly resolved [ { name: 'esprima-fb',
528 silly resolved     description: 'Facebook-specific fork of the esprima project',
528 silly resolved     homepage: 'https://github.com/facebook/esprima/tree/fb-harmony',
528 silly resolved     main: 'esprima.js',
528 silly resolved     bin:
528 silly resolved      { esparse: './bin/esparse.js',
528 silly resolved        esvalidate: './bin/esvalidate.js' },
528 silly resolved     version: '13001.1001.0-dev-harmony-fb',
528 silly resolved     files:
528 silly resolved      [ 'bin',
528 silly resolved        'test/run.js',
528 silly resolved        'test/runner.js',
528 silly resolved        'test/test.js',
528 silly resolved        'test/compat.js',
528 silly resolved        'test/reflect.js',
528 silly resolved        'esprima.js' ],
528 silly resolved     engines: { node: '>=0.4.0' },
528 silly resolved     author: { name: 'Ariya Hidayat', email: 'ariya.hidayat@gmail.com' },
528 silly resolved     maintainers: [ [Object], [Object], [Object] ],
528 silly resolved     repository: { type: 'git', url: 'http://github.com/facebook/esprima.git' },
528 silly resolved     bugs: { url: 'http://issues.esprima.org' },
528 silly resolved     licenses: [ [Object] ],
528 silly resolved     devDependencies:
528 silly resolved      { eslint: '~0.12.0',
528 silly resolved        jscs: '~1.10.0',
528 silly resolved        istanbul: '~0.2.6',
528 silly resolved        'escomplex-js': '1.0.0',
528 silly resolved        'complexity-report': '~1.1.1',
528 silly resolved        regenerate: '~0.5.4',
528 silly resolved        'unicode-6.3.0': '~0.1.0',
528 silly resolved        'json-diff': '~0.3.1',
528 silly resolved        commander: '~2.5.0' },
528 silly resolved     scripts:
528 silly resolved      { 'generate-regex': 'node tools/generate-identifier-regex.js',
528 silly resolved        test: 'node test/run.js && npm run lint && npm run coverage',
528 silly resolved        lint: 'npm run check-version && npm run eslint && npm run jscs && npm run complexity',
528 silly resolved        'check-version': 'node tools/check-version.js',
528 silly resolved        jscs: 'jscs esprima.js test/*test.js',
528 silly resolved        eslint: 'node node_modules/eslint/bin/eslint.js esprima.js',
528 silly resolved        complexity: 'node tools/list-complexity.js && cr -s -l -w --maxcyc 18 esprima.js',
528 silly resolved        coverage: 'npm run analyze-coverage && npm run check-coverage',
528 silly resolved        'analyze-coverage': 'node node_modules/istanbul/lib/cli.js cover test/runner.js',
528 silly resolved        'check-coverage': 'node node_modules/istanbul/lib/cli.js check-coverage --statement 100 --branch 100 --function 100',
528 silly resolved        benchmark: 'node test/benchmarks.js',
528 silly resolved        'benchmark-quick': 'node test/benchmarks.js quick' },
528 silly resolved     gitHead: 'a3ae0c054867db61166dd72affc579710b36476d',
528 silly resolved     _id: 'esprima-fb@13001.1001.0-dev-harmony-fb',
528 silly resolved     _shasum: '633acdb40d9bd4db8a1c1d68c06a942959fad2b0',
528 silly resolved     _from: 'esprima-fb@13001.1001.0-dev-harmony-fb',
528 silly resolved     _npmVersion: '1.4.16',
528 silly resolved     _npmUser: { name: 'gabelevi', email: 'gabelevi@gmail.com' },
528 silly resolved     dist:
528 silly resolved      { shasum: '633acdb40d9bd4db8a1c1d68c06a942959fad2b0',
528 silly resolved        tarball: 'http://registry.npmjs.org/esprima-fb/-/esprima-fb-13001.1001.0-dev-harmony-fb.tgz' },
528 silly resolved     directories: {},
528 silly resolved     _resolved: 'https://registry.npmjs.org/esprima-fb/-/esprima-fb-13001.1001.0-dev-harmony-fb.tgz',
528 silly resolved     readme: 'ERROR: No README data found!' },
528 silly resolved   { name: 'source-map',
528 silly resolved     description: 'Generates and consumes source maps',
528 silly resolved     version: '0.1.31',
528 silly resolved     homepage: 'https://github.com/mozilla/source-map',
528 silly resolved     author: { name: 'Nick Fitzgerald', email: 'nfitzgerald@mozilla.com' },
528 silly resolved     contributors:
528 silly resolved      [ [Object],
528 silly resolved        [Object],
528 silly resolved        [Object],
528 silly resolved        [Object],
528 silly resolved        [Object],
528 silly resolved        [Object],
528 silly resolved        [Object],
528 silly resolved        [Object],
528 silly resolved        [Object],
528 silly resolved        [Object],
528 silly resolved        [Object],
528 silly resolved        [Object],
528 silly resolved        [Object],
528 silly resolved        [Object],
528 silly resolved        [Object],
528 silly resolved        [Object] ],
528 silly resolved     repository: { type: 'git', url: 'http://github.com/mozilla/source-map.git' },
528 silly resolved     directories: { lib: './lib' },
528 silly resolved     main: './lib/source-map.js',
528 silly resolved     engines: { node: '>=0.8.0' },
528 silly resolved     licenses: [ [Object] ],
528 silly resolved     dependencies: { amdefine: '>=0.0.4' },
528 silly resolved     devDependencies: { dryice: '>=0.4.8' },
528 silly resolved     scripts:
528 silly resolved      { test: 'node test/run-tests.js',
528 silly resolved        build: 'node Makefile.dryice.js' },
528 silly resolved     _id: 'source-map@0.1.31',
528 silly resolved     dist:
528 silly resolved      { shasum: '9f704d0d69d9e138a81badf6ebb4fde33d151c61',
528 silly resolved        tarball: 'http://registry.npmjs.org/source-map/-/source-map-0.1.31.tgz' },
528 silly resolved     _from: 'source-map@0.1.31',
528 silly resolved     _npmVersion: '1.2.18',
528 silly resolved     _npmUser: { name: 'nickfitzgerald', email: 'fitzgen@gmail.com' },
528 silly resolved     maintainers: [ [Object], [Object], [Object] ],
528 silly resolved     _shasum: '9f704d0d69d9e138a81badf6ebb4fde33d151c61',
528 silly resolved     _resolved: 'https://registry.npmjs.org/source-map/-/source-map-0.1.31.tgz',
528 silly resolved     bugs: { url: 'https://github.com/mozilla/source-map/issues' },
528 silly resolved     readme: 'ERROR: No README data found!' },
528 silly resolved   { author:
528 silly resolved      { name: 'Andrew Nesbitt',
528 silly resolved        email: 'andrewnez@gmail.com',
528 silly resolved        url: 'http://andrew-nesbitt.com/' },
528 silly resolved     name: 'base62',
528 silly resolved     description: 'Javascript Base62 encode/decoder',
528 silly resolved     keywords: [ 'base-62' ],
528 silly resolved     version: '0.1.1',
528 silly resolved     repository: { type: 'git', url: 'git://github.com/andrew/base62.js.git' },
528 silly resolved     main: 'base62.js',
528 silly resolved     engines: { node: '*' },
528 silly resolved     scripts: { test: 'mocha test' },
528 silly resolved     devDependencies: { mocha: '1.7.x' },
528 silly resolved     _id: 'base62@0.1.1',
528 silly resolved     dist:
528 silly resolved      { shasum: '7b4174c2f94449753b11c2651c083da841a7b084',
528 silly resolved        tarball: 'http://registry.npmjs.org/base62/-/base62-0.1.1.tgz' },
528 silly resolved     _npmVersion: '1.1.65',
528 silly resolved     _npmUser: { name: 'andrewnez', email: 'andrewnez@gmail.com' },
528 silly resolved     maintainers: [ [Object] ],
528 silly resolved     directories: {},
528 silly resolved     _shasum: '7b4174c2f94449753b11c2651c083da841a7b084',
528 silly resolved     _from: 'base62@0.1.1',
528 silly resolved     _resolved: 'https://registry.npmjs.org/base62/-/base62-0.1.1.tgz',
528 silly resolved     bugs: { url: 'https://github.com/andrew/base62.js/issues' },
528 silly resolved     readme: 'ERROR: No README data found!',
528 silly resolved     homepage: 'https://github.com/andrew/base62.js' } ]
529 info install esprima-fb@13001.1001.0-dev-harmony-fb into /Users/Home/Documents/Projects/frontthing/node_modules/react/node_modules/envify/node_modules/jstransform
530 info install source-map@0.1.31 into /Users/Home/Documents/Projects/frontthing/node_modules/react/node_modules/envify/node_modules/jstransform
531 info install base62@0.1.1 into /Users/Home/Documents/Projects/frontthing/node_modules/react/node_modules/envify/node_modules/jstransform
532 info installOne esprima-fb@13001.1001.0-dev-harmony-fb
533 info installOne source-map@0.1.31
534 info installOne base62@0.1.1
535 verbose node_modules/react/node_modules/envify/node_modules/jstransform/node_modules/esprima-fb unbuild
536 verbose node_modules/react/node_modules/envify/node_modules/jstransform/node_modules/source-map unbuild
537 verbose node_modules/react/node_modules/envify/node_modules/jstransform/node_modules/base62 unbuild
538 verbose tar unpack /Users/Home/.npm/esprima-fb/13001.1001.0-dev-harmony-fb/package.tgz
539 silly lockFile dcc65d58-ransform-node-modules-esprima-fb tar:///Users/Home/Documents/Projects/frontthing/node_modules/react/node_modules/envify/node_modules/jstransform/node_modules/esprima-fb
540 verbose lock tar:///Users/Home/Documents/Projects/frontthing/node_modules/react/node_modules/envify/node_modules/jstransform/node_modules/esprima-fb /Users/Home/.npm/dcc65d58-ransform-node-modules-esprima-fb.lock
541 silly lockFile f06b1a93-001-0-dev-harmony-fb-package-tgz tar:///Users/Home/.npm/esprima-fb/13001.1001.0-dev-harmony-fb/package.tgz
542 verbose lock tar:///Users/Home/.npm/esprima-fb/13001.1001.0-dev-harmony-fb/package.tgz /Users/Home/.npm/f06b1a93-001-0-dev-harmony-fb-package-tgz.lock
543 verbose tar unpack /Users/Home/.npm/source-map/0.1.31/package.tgz
544 silly lockFile f93e1a0b-ransform-node-modules-source-map tar:///Users/Home/Documents/Projects/frontthing/node_modules/react/node_modules/envify/node_modules/jstransform/node_modules/source-map
545 verbose lock tar:///Users/Home/Documents/Projects/frontthing/node_modules/react/node_modules/envify/node_modules/jstransform/node_modules/source-map /Users/Home/.npm/f93e1a0b-ransform-node-modules-source-map.lock
546 silly lockFile 6d84000b-pm-source-map-0-1-31-package-tgz tar:///Users/Home/.npm/source-map/0.1.31/package.tgz
547 verbose lock tar:///Users/Home/.npm/source-map/0.1.31/package.tgz /Users/Home/.npm/6d84000b-pm-source-map-0-1-31-package-tgz.lock
548 verbose tar unpack /Users/Home/.npm/base62/0.1.1/package.tgz
549 silly lockFile c83027d4--jstransform-node-modules-base62 tar:///Users/Home/Documents/Projects/frontthing/node_modules/react/node_modules/envify/node_modules/jstransform/node_modules/base62
550 verbose lock tar:///Users/Home/Documents/Projects/frontthing/node_modules/react/node_modules/envify/node_modules/jstransform/node_modules/base62 /Users/Home/.npm/c83027d4--jstransform-node-modules-base62.lock
551 silly lockFile 1535ed3a-ome-npm-base62-0-1-1-package-tgz tar:///Users/Home/.npm/base62/0.1.1/package.tgz
552 verbose lock tar:///Users/Home/.npm/base62/0.1.1/package.tgz /Users/Home/.npm/1535ed3a-ome-npm-base62-0-1-1-package-tgz.lock
553 silly gunzTarPerm modes [ '755', '644' ]
554 silly gunzTarPerm modes [ '755', '644' ]
555 silly gunzTarPerm modes [ '755', '644' ]
556 silly gunzTarPerm extractEntry package.json
557 silly gunzTarPerm extractEntry package.json
558 silly gunzTarPerm extractEntry package.json
559 silly gunzTarPerm extractEntry LICENSE
560 silly gunzTarPerm extractEntry base62.js
561 silly gunzTarPerm extractEntry README.md
562 silly gunzTarPerm extractEntry .npmignore
563 silly gunzTarPerm extractEntry README.md
564 silly gunzTarPerm extractEntry esprima.js
565 silly gunzTarPerm extractEntry .travis.yml
566 silly gunzTarPerm extractEntry Readme.md
567 silly gunzTarPerm extractEntry LICENSE
568 silly gunzTarPerm extractEntry bin/esparse.js
569 silly gunzTarPerm extractEntry test/test.js
570 silly gunzTarPerm extractEntry Makefile.dryice.js
571 silly gunzTarPerm extractEntry .travis.yml
572 silly gunzTarPerm extractEntry bin/esvalidate.js
573 silly gunzTarPerm extractEntry test/compat.js
574 silly gunzTarPerm extractEntry CHANGELOG.md
575 silly gunzTarPerm extractEntry build/assert-shim.js
576 silly gunzTarPerm extractEntry test/reflect.js
577 silly gunzTarPerm extractEntry build/mini-require.js
578 silly gunzTarPerm extractEntry build/suffix-browser.js
579 silly lockFile c83027d4--jstransform-node-modules-base62 tar:///Users/Home/Documents/Projects/frontthing/node_modules/react/node_modules/envify/node_modules/jstransform/node_modules/base62
580 silly lockFile c83027d4--jstransform-node-modules-base62 tar:///Users/Home/Documents/Projects/frontthing/node_modules/react/node_modules/envify/node_modules/jstransform/node_modules/base62
581 silly lockFile 1535ed3a-ome-npm-base62-0-1-1-package-tgz tar:///Users/Home/.npm/base62/0.1.1/package.tgz
582 silly lockFile 1535ed3a-ome-npm-base62-0-1-1-package-tgz tar:///Users/Home/.npm/base62/0.1.1/package.tgz
583 info preinstall base62@0.1.1
584 verbose readDependencies using package.json deps
585 silly gunzTarPerm extractEntry build/test-prefix.js
586 silly gunzTarPerm extractEntry build/test-suffix.js
587 verbose readDependencies using package.json deps
588 silly resolved []
589 verbose about to build /Users/Home/Documents/Projects/frontthing/node_modules/react/node_modules/envify/node_modules/jstransform/node_modules/base62
590 info build /Users/Home/Documents/Projects/frontthing/node_modules/react/node_modules/envify/node_modules/jstransform/node_modules/base62
591 verbose linkStuff [ false,
591 verbose linkStuff   false,
591 verbose linkStuff   false,
591 verbose linkStuff   '/Users/Home/Documents/Projects/frontthing/node_modules/react/node_modules/envify/node_modules/jstransform/node_modules' ]
592 info linkStuff base62@0.1.1
593 verbose linkBins base62@0.1.1
594 verbose linkMans base62@0.1.1
595 verbose rebuildBundles base62@0.1.1
596 info install base62@0.1.1
597 info postinstall base62@0.1.1
598 silly gunzTarPerm extractEntry build/prefix-source-map.jsm
599 silly gunzTarPerm extractEntry build/prefix-utils.jsm
600 silly gunzTarPerm extractEntry test/run.js
601 silly gunzTarPerm extractEntry build/suffix-source-map.jsm
602 silly gunzTarPerm extractEntry build/suffix-utils.jsm
603 silly gunzTarPerm extractEntry lib/source-map.js
604 silly gunzTarPerm extractEntry lib/source-map/array-set.js
605 silly gunzTarPerm extractEntry test/runner.js
606 silly gunzTarPerm extractEntry lib/source-map/base64-vlq.js
607 silly gunzTarPerm extractEntry lib/source-map/base64.js
608 silly gunzTarPerm extractEntry lib/source-map/binary-search.js
609 silly gunzTarPerm extractEntry lib/source-map/source-map-consumer.js
610 silly gunzTarPerm extractEntry test/test.js
611 silly gunzTarPerm extractEntry lib/source-map/source-map-generator.js
612 silly gunzTarPerm extractEntry lib/source-map/source-node.js
613 silly gunzTarPerm extractEntry lib/source-map/util.js
614 silly gunzTarPerm extractEntry test/run-tests.js
615 silly gunzTarPerm extractEntry test/source-map/test-api.js
616 silly gunzTarPerm extractEntry test/source-map/test-array-set.js
617 silly gunzTarPerm extractEntry test/source-map/test-base64-vlq.js
618 silly gunzTarPerm extractEntry test/source-map/test-base64.js
619 silly gunzTarPerm extractEntry test/source-map/test-binary-search.js
620 silly gunzTarPerm extractEntry test/source-map/test-dog-fooding.js
621 silly gunzTarPerm extractEntry test/source-map/test-source-map-consumer.js
622 silly gunzTarPerm extractEntry test/source-map/test-source-map-generator.js
623 silly gunzTarPerm extractEntry test/source-map/test-source-node.js
624 silly gunzTarPerm extractEntry test/source-map/util.js
625 silly lockFile f93e1a0b-ransform-node-modules-source-map tar:///Users/Home/Documents/Projects/frontthing/node_modules/react/node_modules/envify/node_modules/jstransform/node_modules/source-map
626 silly lockFile f93e1a0b-ransform-node-modules-source-map tar:///Users/Home/Documents/Projects/frontthing/node_modules/react/node_modules/envify/node_modules/jstransform/node_modules/source-map
627 silly lockFile 6d84000b-pm-source-map-0-1-31-package-tgz tar:///Users/Home/.npm/source-map/0.1.31/package.tgz
628 silly lockFile 6d84000b-pm-source-map-0-1-31-package-tgz tar:///Users/Home/.npm/source-map/0.1.31/package.tgz
629 info preinstall source-map@0.1.31
630 verbose readDependencies using package.json deps
631 verbose readDependencies using package.json deps
632 verbose cache add [ 'amdefine@>=0.0.4', null ]
633 verbose cache add name=undefined spec="amdefine@>=0.0.4" args=["amdefine@>=0.0.4",null]
634 verbose parsed url { protocol: null,
634 verbose parsed url   slashes: null,
634 verbose parsed url   auth: null,
634 verbose parsed url   host: null,
634 verbose parsed url   port: null,
634 verbose parsed url   hostname: null,
634 verbose parsed url   hash: null,
634 verbose parsed url   search: null,
634 verbose parsed url   query: null,
634 verbose parsed url   pathname: 'amdefine@%3E=0.0.4',
634 verbose parsed url   path: 'amdefine@%3E=0.0.4',
634 verbose parsed url   href: 'amdefine@%3E=0.0.4' }
635 verbose cache add name="amdefine" spec=">=0.0.4" args=["amdefine",">=0.0.4"]
636 verbose parsed url { protocol: null,
636 verbose parsed url   slashes: null,
636 verbose parsed url   auth: null,
636 verbose parsed url   host: null,
636 verbose parsed url   port: null,
636 verbose parsed url   hostname: null,
636 verbose parsed url   hash: null,
636 verbose parsed url   search: null,
636 verbose parsed url   query: null,
636 verbose parsed url   pathname: '%3E=0.0.4',
636 verbose parsed url   path: '%3E=0.0.4',
636 verbose parsed url   href: '%3E=0.0.4' }
637 verbose addNamed [ 'amdefine', '>=0.0.4' ]
638 verbose addNamed [ null, '>=0.0.4' ]
639 silly lockFile 165d2d7b-amdefine-0-0-4 amdefine@>=0.0.4
640 verbose lock amdefine@>=0.0.4 /Users/Home/.npm/165d2d7b-amdefine-0-0-4.lock
641 silly addNameRange { name: 'amdefine', range: '>=0.0.4', hasData: false }
642 verbose request where is /amdefine
643 verbose request registry https://registry.npmjs.org/
644 verbose url raw /amdefine
645 verbose url resolving [ 'https://registry.npmjs.org/', './amdefine' ]
646 verbose url resolved https://registry.npmjs.org/amdefine
647 verbose request where is https://registry.npmjs.org/amdefine
648 info trying registry request attempt 1 at 18:12:10
649 verbose etag "CQH8SW0THU42U5RKW7K6F1TRH"
650 http GET https://registry.npmjs.org/amdefine
651 silly lockFile dcc65d58-ransform-node-modules-esprima-fb tar:///Users/Home/Documents/Projects/frontthing/node_modules/react/node_modules/envify/node_modules/jstransform/node_modules/esprima-fb
652 silly lockFile dcc65d58-ransform-node-modules-esprima-fb tar:///Users/Home/Documents/Projects/frontthing/node_modules/react/node_modules/envify/node_modules/jstransform/node_modules/esprima-fb
653 silly lockFile f06b1a93-001-0-dev-harmony-fb-package-tgz tar:///Users/Home/.npm/esprima-fb/13001.1001.0-dev-harmony-fb/package.tgz
654 silly lockFile f06b1a93-001-0-dev-harmony-fb-package-tgz tar:///Users/Home/.npm/esprima-fb/13001.1001.0-dev-harmony-fb/package.tgz
655 info preinstall esprima-fb@13001.1001.0-dev-harmony-fb
656 verbose readDependencies using package.json deps
657 verbose readDependencies using package.json deps
658 silly resolved []
659 verbose about to build /Users/Home/Documents/Projects/frontthing/node_modules/react/node_modules/envify/node_modules/jstransform/node_modules/esprima-fb
660 info build /Users/Home/Documents/Projects/frontthing/node_modules/react/node_modules/envify/node_modules/jstransform/node_modules/esprima-fb
661 verbose linkStuff [ false,
661 verbose linkStuff   false,
661 verbose linkStuff   false,
661 verbose linkStuff   '/Users/Home/Documents/Projects/frontthing/node_modules/react/node_modules/envify/node_modules/jstransform/node_modules' ]
662 info linkStuff esprima-fb@13001.1001.0-dev-harmony-fb
663 verbose linkBins esprima-fb@13001.1001.0-dev-harmony-fb
664 verbose link bins [ { esparse: './bin/esparse.js',
664 verbose link bins     esvalidate: './bin/esvalidate.js' },
664 verbose link bins   '/Users/Home/Documents/Projects/frontthing/node_modules/react/node_modules/envify/node_modules/jstransform/node_modules/.bin',
664 verbose link bins   false ]
665 verbose linkMans esprima-fb@13001.1001.0-dev-harmony-fb
666 verbose rebuildBundles esprima-fb@13001.1001.0-dev-harmony-fb
667 info install esprima-fb@13001.1001.0-dev-harmony-fb
668 info postinstall esprima-fb@13001.1001.0-dev-harmony-fb
669 http 304 https://registry.npmjs.org/amdefine
670 silly registry.get cb [ 304,
670 silly registry.get   { date: 'Sat, 19 Sep 2015 22:12:10 GMT',
670 silly registry.get     via: '1.1 varnish',
670 silly registry.get     'cache-control': 'max-age=60',
670 silly registry.get     etag: '"CQH8SW0THU42U5RKW7K6F1TRH"',
670 silly registry.get     age: '48',
670 silly registry.get     connection: 'keep-alive',
670 silly registry.get     'x-served-by': 'cache-atl6220-ATL',
670 silly registry.get     'x-cache': 'HIT',
670 silly registry.get     'x-cache-hits': '3',
670 silly registry.get     'x-timer': 'S1442700730.386008,VS0,VE0',
670 silly registry.get     vary: 'Accept' } ]
671 verbose etag https://registry.npmjs.org/amdefine from cache
672 silly addNameRange number 2 { name: 'amdefine', range: '>=0.0.4', hasData: true }
673 silly addNameRange versions [ 'amdefine',
673 silly addNameRange   [ '0.0.1',
673 silly addNameRange     '0.0.2',
673 silly addNameRange     '0.0.3',
673 silly addNameRange     '0.0.4',
673 silly addNameRange     '0.0.5',
673 silly addNameRange     '0.0.6',
673 silly addNameRange     '0.0.7',
673 silly addNameRange     '0.0.8',
673 silly addNameRange     '0.1.0',
673 silly addNameRange     '0.1.1',
673 silly addNameRange     '1.0.0' ] ]
674 verbose addNamed [ 'amdefine', '1.0.0' ]
675 verbose addNamed [ '1.0.0', '1.0.0' ]
676 silly lockFile c54e608e-amdefine-1-0-0 amdefine@1.0.0
677 verbose lock amdefine@1.0.0 /Users/Home/.npm/c54e608e-amdefine-1-0-0.lock
678 silly lockFile c54e608e-amdefine-1-0-0 amdefine@1.0.0
679 silly lockFile c54e608e-amdefine-1-0-0 amdefine@1.0.0
680 silly lockFile 165d2d7b-amdefine-0-0-4 amdefine@>=0.0.4
681 silly lockFile 165d2d7b-amdefine-0-0-4 amdefine@>=0.0.4
682 silly resolved [ { name: 'amdefine',
682 silly resolved     description: 'Provide AMD\'s define() API for declaring modules in the AMD format',
682 silly resolved     version: '1.0.0',
682 silly resolved     homepage: 'http://github.com/jrburke/amdefine',
682 silly resolved     author:
682 silly resolved      { name: 'James Burke',
682 silly resolved        email: 'jrburke@gmail.com',
682 silly resolved        url: 'http://github.com/jrburke' },
682 silly resolved     license: 'BSD-3-Clause AND MIT',
682 silly resolved     repository:
682 silly resolved      { type: 'git',
682 silly resolved        url: 'git+https://github.com/jrburke/amdefine.git' },
682 silly resolved     main: './amdefine.js',
682 silly resolved     engines: { node: '>=0.4.2' },
682 silly resolved     gitHead: '578bc4a3f7dede33f3f3e10edde0c1607005d761',
682 silly resolved     bugs: { url: 'https://github.com/jrburke/amdefine/issues' },
682 silly resolved     _id: 'amdefine@1.0.0',
682 silly resolved     scripts: {},
682 silly resolved     _shasum: 'fd17474700cb5cc9c2b709f0be9d23ce3c198c33',
682 silly resolved     _from: 'amdefine@>=0.0.4',
682 silly resolved     _npmVersion: '2.12.1',
682 silly resolved     _nodeVersion: '0.10.36',
682 silly resolved     _npmUser: { name: 'jrburke', email: 'jrburke@gmail.com' },
682 silly resolved     maintainers: [ [Object] ],
682 silly resolved     dist:
682 silly resolved      { shasum: 'fd17474700cb5cc9c2b709f0be9d23ce3c198c33',
682 silly resolved        tarball: 'http://registry.npmjs.org/amdefine/-/amdefine-1.0.0.tgz' },
682 silly resolved     directories: {},
682 silly resolved     _resolved: 'https://registry.npmjs.org/amdefine/-/amdefine-1.0.0.tgz',
682 silly resolved     readme: 'ERROR: No README data found!' } ]
683 info install amdefine@1.0.0 into /Users/Home/Documents/Projects/frontthing/node_modules/react/node_modules/envify/node_modules/jstransform/node_modules/source-map
684 info installOne amdefine@1.0.0
685 verbose node_modules/react/node_modules/envify/node_modules/jstransform/node_modules/source-map/node_modules/amdefine unbuild
686 verbose tar unpack /Users/Home/.npm/amdefine/1.0.0/package.tgz
687 silly lockFile fd13d360-source-map-node-modules-amdefine tar:///Users/Home/Documents/Projects/frontthing/node_modules/react/node_modules/envify/node_modules/jstransform/node_modules/source-map/node_modules/amdefine
688 verbose lock tar:///Users/Home/Documents/Projects/frontthing/node_modules/react/node_modules/envify/node_modules/jstransform/node_modules/source-map/node_modules/amdefine /Users/Home/.npm/fd13d360-source-map-node-modules-amdefine.lock
689 silly lockFile 786161e0-e-npm-amdefine-1-0-0-package-tgz tar:///Users/Home/.npm/amdefine/1.0.0/package.tgz
690 verbose lock tar:///Users/Home/.npm/amdefine/1.0.0/package.tgz /Users/Home/.npm/786161e0-e-npm-amdefine-1-0-0-package-tgz.lock
691 silly gunzTarPerm modes [ '755', '644' ]
692 silly gunzTarPerm extractEntry package.json
693 silly gunzTarPerm extractEntry README.md
694 silly gunzTarPerm extractEntry LICENSE
695 silly gunzTarPerm extractEntry amdefine.js
696 silly gunzTarPerm extractEntry intercept.js
697 silly lockFile fd13d360-source-map-node-modules-amdefine tar:///Users/Home/Documents/Projects/frontthing/node_modules/react/node_modules/envify/node_modules/jstransform/node_modules/source-map/node_modules/amdefine
698 silly lockFile fd13d360-source-map-node-modules-amdefine tar:///Users/Home/Documents/Projects/frontthing/node_modules/react/node_modules/envify/node_modules/jstransform/node_modules/source-map/node_modules/amdefine
699 silly lockFile 786161e0-e-npm-amdefine-1-0-0-package-tgz tar:///Users/Home/.npm/amdefine/1.0.0/package.tgz
700 silly lockFile 786161e0-e-npm-amdefine-1-0-0-package-tgz tar:///Users/Home/.npm/amdefine/1.0.0/package.tgz
701 info preinstall amdefine@1.0.0
702 verbose readDependencies using package.json deps
703 verbose readDependencies using package.json deps
704 silly resolved []
705 verbose about to build /Users/Home/Documents/Projects/frontthing/node_modules/react/node_modules/envify/node_modules/jstransform/node_modules/source-map/node_modules/amdefine
706 info build /Users/Home/Documents/Projects/frontthing/node_modules/react/node_modules/envify/node_modules/jstransform/node_modules/source-map/node_modules/amdefine
707 verbose linkStuff [ false,
707 verbose linkStuff   false,
707 verbose linkStuff   false,
707 verbose linkStuff   '/Users/Home/Documents/Projects/frontthing/node_modules/react/node_modules/envify/node_modules/jstransform/node_modules/source-map/node_modules' ]
708 info linkStuff amdefine@1.0.0
709 verbose linkBins amdefine@1.0.0
710 verbose linkMans amdefine@1.0.0
711 verbose rebuildBundles amdefine@1.0.0
712 info install amdefine@1.0.0
713 info postinstall amdefine@1.0.0
714 verbose about to build /Users/Home/Documents/Projects/frontthing/node_modules/react/node_modules/envify/node_modules/jstransform/node_modules/source-map
715 info build /Users/Home/Documents/Projects/frontthing/node_modules/react/node_modules/envify/node_modules/jstransform/node_modules/source-map
716 verbose linkStuff [ false,
716 verbose linkStuff   false,
716 verbose linkStuff   false,
716 verbose linkStuff   '/Users/Home/Documents/Projects/frontthing/node_modules/react/node_modules/envify/node_modules/jstransform/node_modules' ]
717 info linkStuff source-map@0.1.31
718 verbose linkBins source-map@0.1.31
719 verbose linkMans source-map@0.1.31
720 verbose rebuildBundles source-map@0.1.31
721 verbose rebuildBundles [ 'amdefine' ]
722 info install source-map@0.1.31
723 info postinstall source-map@0.1.31
724 verbose about to build /Users/Home/Documents/Projects/frontthing/node_modules/react/node_modules/envify/node_modules/jstransform
725 info build /Users/Home/Documents/Projects/frontthing/node_modules/react/node_modules/envify/node_modules/jstransform
726 verbose linkStuff [ false,
726 verbose linkStuff   false,
726 verbose linkStuff   false,
726 verbose linkStuff   '/Users/Home/Documents/Projects/frontthing/node_modules/react/node_modules/envify/node_modules' ]
727 info linkStuff jstransform@10.1.0
728 verbose linkBins jstransform@10.1.0
729 verbose linkMans jstransform@10.1.0
730 verbose rebuildBundles jstransform@10.1.0
731 verbose rebuildBundles [ '.bin', 'base62', 'esprima-fb', 'source-map' ]
732 info install jstransform@10.1.0
733 info postinstall jstransform@10.1.0
734 verbose about to build /Users/Home/Documents/Projects/frontthing/node_modules/react/node_modules/envify
735 info build /Users/Home/Documents/Projects/frontthing/node_modules/react/node_modules/envify
736 verbose linkStuff [ false,
736 verbose linkStuff   false,
736 verbose linkStuff   false,
736 verbose linkStuff   '/Users/Home/Documents/Projects/frontthing/node_modules/react/node_modules' ]
737 info linkStuff envify@3.4.0
738 verbose linkBins envify@3.4.0
739 verbose link bins [ { envify: 'bin/envify' },
739 verbose link bins   '/Users/Home/Documents/Projects/frontthing/node_modules/react/node_modules/.bin',
739 verbose link bins   false ]
740 verbose linkMans envify@3.4.0
741 verbose rebuildBundles envify@3.4.0
742 verbose rebuildBundles [ 'jstransform', 'through' ]
743 info install envify@3.4.0
744 info postinstall envify@3.4.0
745 verbose about to build /Users/Home/Documents/Projects/frontthing/node_modules/react
746 info build /Users/Home/Documents/Projects/frontthing/node_modules/react
747 verbose linkStuff [ false,
747 verbose linkStuff   false,
747 verbose linkStuff   false,
747 verbose linkStuff   '/Users/Home/Documents/Projects/frontthing/node_modules' ]
748 info linkStuff react@0.13.3
749 verbose linkBins react@0.13.3
750 verbose linkMans react@0.13.3
751 verbose rebuildBundles react@0.13.3
752 verbose rebuildBundles [ '.bin', 'envify' ]
753 info install react@0.13.3
754 info postinstall react@0.13.3
755 error peerinvalid The package react does not satisfy its siblings' peerDependencies requirements!
755 error peerinvalid Peer instatype@1.0.6 wants react@>=0.12.0
755 error peerinvalid Peer react-autosuggest@2.0.0 wants react@^0.14.0-rc1
755 error peerinvalid Peer reflux@0.2.12 wants react@>=0.12.2 <0.14.0
756 error System Darwin 13.4.0
757 error command "node" "/usr/local/bin/npm" "install" "--save" "react"
758 error cwd /Users/Home/Documents/Projects/frontthing
759 error node -v v0.10.35
760 error npm -v 1.4.28
761 error code EPEERINVALID
762 verbose exit [ 1, true ]
